2017-07-18 14:10:02 [127.0.0.1][-][ii1kfqfuhg58jgbi575dp3q136][error][yii\web\HttpException:404] exception 'yii\base\InvalidRouteException' with message 'Unable to resolve the request "index\index".' in D:\phpStudy\WWW\gitshop\yii2\vendor\yiisoft\yii2\base\Module.php:532
Stack trace:
#0 D:\phpStudy\WWW\gitshop\yii2\vendor\yiisoft\yii2\web\Application.php(102): yii\base\Module->runAction('index\\index', Array)
#1 D:\phpStudy\WWW\gitshop\yii2\vendor\yiisoft\yii2\base\Application.php(386): yii\web\Application->handleRequest(Object(yii\web\Request))
#2 D:\phpStudy\WWW\gitshop\yii2\backend\web\index.php(18): yii\base\Application->run()
#3 {main}

Next exception 'yii\web\NotFoundHttpException' with message 'Page not found.' in D:\phpStudy\WWW\gitshop\yii2\vendor\yiisoft\yii2\web\Application.php:114
Stack trace:
#0 D:\phpStudy\WWW\gitshop\yii2\vendor\yiisoft\yii2\base\Application.php(386): yii\web\Application->handleRequest(Object(yii\web\Request))
#1 D:\phpStudy\WWW\gitshop\yii2\backend\web\index.php(18): yii\base\Application->run()
#2 {main}
2017-07-18 14:10:01 [127.0.0.1][-][ii1kfqfuhg58jgbi575dp3q136][info][application] $_GET = [
    'r' => 'index\\index'
]

$_COOKIE = [
    'PHPSESSID' => 'ndr1i2mlvsbcll3fhkma88rkc1'
    '_csrf' => 'b1296113484b4b070aee3803389df0922e8539a324deb55f4aa711bae63b1bc9a:2:{i:0;s:5:\"_csrf\";i:1;s:32:\"DcL6W_YWsbT_UcoE8mlQujHzK1dT6b-C\";}'
    'mindsparktb_206720000' => 'true'
    'mindsparktbsupport_206720000' => 'true'
    'mindspark_extension_api_features_206720000' => 'TOOLBAR_CLEANER'
    'advanced-backend' => 'ii1kfqfuhg58jgbi575dp3q136'
    '_csrf-backend' => '047c38e99c42c810a982cc1364750fa791acdd8e26ae2be243def85ffbd3afe0a:2:{i:0;s:13:\"_csrf-backend\";i:1;s:32:\"*¤ÈŽÞÒ–J
AG(
Ç3]TRŽÑz8~¥n²\";}'
]

$_SESSION = [
    '__flash' => []
    '__returnUrl' => '/gitshop/yii2/backend/web/'
]

$_SERVER = [
    'HTTP_HOST' => 'localhost'
    'HTTP_USER_AGENT' => 'Mozilla/5.0 (Windows NT 6.1; WOW64; rv:53.0) Gecko/20100101 Firefox/53.0'
    'HTTP_ACCEPT' => 'text/html,application/xhtml+xml,application/xml;q=0.9,*/*;q=0.8'
    'HTTP_ACCEPT_LANGUAGE' => 'zh-CN,zh;q=0.8,en-US;q=0.5,en;q=0.3'
    'HTTP_ACCEPT_ENCODING' => 'gzip, deflate'
    'HTTP_COOKIE' => 'PHPSESSID=ndr1i2mlvsbcll3fhkma88rkc1; _csrf=b1296113484b4b070aee3803389df0922e8539a324deb55f4aa711bae63b1bc9a%3A2%3A%7Bi%3A0%3Bs%3A5%3A%22_csrf%22%3Bi%3A1%3Bs%3A32%3A%22DcL6W_YWsbT_UcoE8mlQujHzK1dT6b-C%22%3B%7D; mindsparktb_206720000=true; mindsparktbsupport_206720000=true; mindspark_extension_api_features_206720000=TOOLBAR_CLEANER; advanced-backend=ii1kfqfuhg58jgbi575dp3q136; _csrf-backend=047c38e99c42c810a982cc1364750fa791acdd8e26ae2be243def85ffbd3afe0a%3A2%3A%7Bi%3A0%3Bs%3A13%3A%22_csrf-backend%22%3Bi%3A1%3Bs%3A32%3A%22%2A%A4%C8%8E%DE%D2%96J%02%0AAG%28%0A%1C%C73%5D%0CTR%8E%81%D1z8%7E%10%1E%A5n%B2%22%3B%7D'
    'HTTP_CONNECTION' => 'keep-alive'
    'HTTP_UPGRADE_INSECURE_REQUESTS' => '1'
    'PATH' => 'C:\\Program Files (x86)\\Common Files\\NetSarang;C:\\Windows\\system32;C:\\Windows;C:\\Windows\\System32\\Wbem;C:\\Windows\\System32\\WindowsPowerShell\\v1.0\\;D:\\å®‰è£…\\git\\gitå®‰è£…\\Git\\cmd;D:\\;è£…\\svn\\bin;;:\\phpStudy\\php55;C:\\ProgramData\\ComposerSetup\\bin;D:\\phpStudy\\php55;D:\\phpStudy\\MySQL\\bin;C:\\Users\\Administrator\\AppData\\Roaming\\Composer\\vendor\\bin'
    'SystemRoot' => 'C:\\Windows'
    'COMSPEC' => 'C:\\Windows\\system32\\cmd.exe'
    'PATHEXT' => '.COM;.EXE;.BAT;.CMD;.VBS;.VBE;.JS;.JSE;.WSF;.WSH;.MSC'
    'WINDIR' => 'C:\\Windows'
    'SERVER_SIGNATURE' => ''
    'SERVER_SOFTWARE' => 'Apache/2.4.18 (Win32) OpenSSL/1.0.2e PHP/5.5.30'
    'SERVER_NAME' => 'localhost'
    'SERVER_ADDR' => '127.0.0.1'
    'SERVER_PORT' => '80'
    'REMOTE_ADDR' => '127.0.0.1'
    'DOCUMENT_ROOT' => 'D:/phpStudy/WWW'
    'REQUEST_SCHEME' => 'http'
    'CONTEXT_PREFIX' => ''
    'CONTEXT_DOCUMENT_ROOT' => 'D:/phpStudy/WWW'
    'SERVER_ADMIN' => 'admin@phpStudy.net'
    'SCRIPT_FILENAME' => 'D:/phpStudy/WWW/gitshop/yii2/backend/web/index.php'
    'REMOTE_PORT' => '49640'
    'GATEWAY_INTERFACE' => 'CGI/1.1'
    'SERVER_PROTOCOL' => 'HTTP/1.1'
    'REQUEST_METHOD' => 'GET'
    'QUERY_STRING' => 'r=index\\index'
    'REQUEST_URI' => '/gitshop/yii2/backend/web/index.php?r=index\\index'
    'SCRIPT_NAME' => '/gitshop/yii2/backend/web/index.php'
    'PHP_SELF' => '/gitshop/yii2/backend/web/index.php'
    'REQUEST_TIME_FLOAT' => 1500358201.974
    'REQUEST_TIME' => 1500358201
]
